[INFO ] 2025-06-15 17:25:11.227 [main] Class - Sign-in button clicked successfully.
[INFO ] 2025-06-15 17:25:11.242 [main] Class - Navigated to the Customer Login page.
[INFO ] 2025-06-15 17:25:12.554 [main] Class - Create Account button clicked successfully.
[INFO ] 2025-06-15 17:25:12.554 [main] Class - Navigated to the Customer Login page.
[INFO ] 2025-06-15 17:26:00.887 [main] Class - Opened Putsbox to create a new inbox.
[INFO ] 2025-06-15 17:26:53.452 [main] Class - New inbox created successfully: devyn_bode@putsbox.com
[INFO ] 2025-06-15 17:26:53.632 [main] Class - First name entered successfully: devyn
[INFO ] 2025-06-15 17:26:53.759 [main] Class - Last name entered successfully: Austin
[INFO ] 2025-06-15 17:26:53.925 [main] Class - Email entered successfully: devyn_bode@putsbox.com
[INFO ] 2025-06-15 17:26:54.052 [main] Class - Confirm password entered successfully: ADmin@1234
[INFO ] 2025-06-15 17:26:54.313 [main] Class - Confirm password entered successfully: ADmin@1234
[INFO ] 2025-06-15 17:26:59.307 [main] Class - Create account button clicked successfully.
[INFO ] 2025-06-15 17:26:59.307 [main] Class - Filled in the account creation form with provided data.
[INFO ] 2025-06-15 17:27:04.344 [main] Class - Clicked on the option: SignOut
[INFO ] 2025-06-15 17:27:04.344 [main] Class - User signed out successfully.
[INFO ] 2025-06-15 17:27:14.629 [main] Class - Sign-in button clicked successfully.
[INFO ] 2025-06-15 17:27:14.629 [main] Class - Navigated to the Customer Login page.
[INFO ] 2025-06-15 17:27:14.805 [main] Class - Username entered successfully: devyn_bode@putsbox.com
[INFO ] 2025-06-15 17:27:14.942 [main] Class - Password entered successfully: ADmin@1234
[INFO ] 2025-06-15 17:27:19.010 [main] Class - Sign-in button clicked successfully.
[INFO ] 2025-06-15 17:35:32.562 [main] Class - Sign-in button clicked successfully.
[INFO ] 2025-06-15 17:35:32.567 [main] Class - Navigated to the Customer Login page.
[INFO ] 2025-06-15 17:35:33.955 [main] Class - Create Account button clicked successfully.
[INFO ] 2025-06-15 17:35:33.956 [main] Class - Navigated to the Customer Login page.
[INFO ] 2025-06-15 17:35:51.807 [main] Class - Opened Putsbox to create a new inbox.
[INFO ] 2025-06-15 17:36:27.822 [main] Class - New inbox created successfully: luigi@putsbox.com
[INFO ] 2025-06-15 17:36:28.019 [main] Class - First name entered successfully: luigi
[INFO ] 2025-06-15 17:36:28.157 [main] Class - Last name entered successfully: Austin
[INFO ] 2025-06-15 17:36:28.337 [main] Class - Email entered successfully: luigi@putsbox.com
[INFO ] 2025-06-15 17:36:28.553 [main] Class - Confirm password entered successfully: ADmin@1234
[INFO ] 2025-06-15 17:36:28.713 [main] Class - Confirm password entered successfully: ADmin@1234
[INFO ] 2025-06-15 17:36:34.246 [main] Class - Create account button clicked successfully.
[INFO ] 2025-06-15 17:36:34.247 [main] Class - Filled in the account creation form with provided data.
[INFO ] 2025-06-15 17:36:40.175 [main] Class - Clicked on the option: SignOut
[INFO ] 2025-06-15 17:36:40.175 [main] Class - User signed out successfully.
[INFO ] 2025-06-15 17:52:14.445 [main] Class - Sign-in button clicked successfully.
[INFO ] 2025-06-15 17:52:14.449 [main] Class - Navigated to the Customer Login page.
[INFO ] 2025-06-15 17:52:15.747 [main] Class - Create Account button clicked successfully.
[INFO ] 2025-06-15 17:52:15.748 [main] Class - Navigated to the Customer Login page.
[INFO ] 2025-06-15 17:52:29.645 [main] Class - Opened Putsbox to create a new inbox.
[INFO ] 2025-06-15 17:52:31.463 [main] Class - New inbox created successfully: bernardo@putsbox.com
[INFO ] 2025-06-15 17:52:31.646 [main] Class - First name entered successfully: bernardo
[INFO ] 2025-06-15 17:52:31.786 [main] Class - Last name entered successfully: Austin
[INFO ] 2025-06-15 17:52:31.978 [main] Class - Email entered successfully: bernardo@putsbox.com
[INFO ] 2025-06-15 17:52:32.149 [main] Class - Confirm password entered successfully: ADmin@1234
[INFO ] 2025-06-15 17:52:32.357 [main] Class - Confirm password entered successfully: ADmin@1234
[INFO ] 2025-06-15 17:52:36.004 [main] Class - Create account button clicked successfully.
[INFO ] 2025-06-15 17:52:36.004 [main] Class - Filled in the account creation form with provided data.
[INFO ] 2025-06-15 17:52:40.888 [main] Class - Clicked on the option: SignOut
[INFO ] 2025-06-15 17:52:40.888 [main] Class - User signed out successfully.
[INFO ] 2025-06-15 17:52:51.186 [main] Class - Sign-in button clicked successfully.
[INFO ] 2025-06-15 17:52:51.187 [main] Class - Navigated to the Customer Login page.
[INFO ] 2025-06-15 17:52:51.353 [main] Class - Username entered successfully: bernardo@putsbox.com
[INFO ] 2025-06-15 17:52:51.514 [main] Class - Password entered successfully: ADmin@1234
[INFO ] 2025-06-15 17:53:06.515 [main] Class - Sign-in button clicked successfully.
[INFO ] 2025-06-15 17:56:52.580 [main] Class - Sign-in button clicked successfully.
[INFO ] 2025-06-15 17:56:52.585 [main] Class - Navigated to the Customer Login page.
[INFO ] 2025-06-15 17:56:54.104 [main] Class - Create Account button clicked successfully.
[INFO ] 2025-06-15 17:56:54.105 [main] Class - Navigated to the Customer Login page.
[INFO ] 2025-06-15 17:57:09.110 [main] Class - Opened Putsbox to create a new inbox.
[INFO ] 2025-06-15 17:57:10.532 [main] Class - New inbox created successfully: hayley_feil@putsbox.com
[INFO ] 2025-06-15 17:57:10.907 [main] Class - First name entered successfully: hayley
[INFO ] 2025-06-15 17:57:11.085 [main] Class - Last name entered successfully: Austin
[INFO ] 2025-06-15 17:57:11.351 [main] Class - Email entered successfully: hayley_feil@putsbox.com
[INFO ] 2025-06-15 17:57:11.536 [main] Class - Confirm password entered successfully: ADmin@1234
[INFO ] 2025-06-15 17:57:11.787 [main] Class - Confirm password entered successfully: ADmin@1234
[INFO ] 2025-06-15 17:57:15.392 [main] Class - Create account button clicked successfully.
[INFO ] 2025-06-15 17:57:15.392 [main] Class - Filled in the account creation form with provided data.
[INFO ] 2025-06-15 17:57:20.424 [main] Class - Clicked on the option: SignOut
[INFO ] 2025-06-15 17:57:20.424 [main] Class - User signed out successfully.
[INFO ] 2025-06-15 17:57:30.679 [main] Class - Sign-in button clicked successfully.
[INFO ] 2025-06-15 17:57:30.680 [main] Class - Navigated to the Customer Login page.
[INFO ] 2025-06-15 17:57:30.898 [main] Class - Username entered successfully: hayley_feil@putsbox.com
[INFO ] 2025-06-15 17:57:31.092 [main] Class - Password entered successfully: ADmin@1234
[INFO ] 2025-06-15 17:57:57.290 [main] Class - Sign-in button clicked successfully.
[INFO ] 2025-06-15 19:20:31.769 [main] Class - Product searched: Jackets
[INFO ] 2025-06-15 19:20:31.772 [main] Class - Product searched successfully: Jackets
[INFO ] 2025-06-15 19:20:55.992 [main] Class - Product searched: Jackets
[INFO ] 2025-06-15 19:20:55.997 [main] Class - Product searched successfully: Jackets
[INFO ] 2025-06-15 19:22:01.094 [main] Class - Product searched: Jackets
[INFO ] 2025-06-15 19:22:01.102 [main] Class - Product searched successfully: Jackets
[INFO ] 2025-06-15 22:30:49.649 [main] Class - Product searched: Jackets
[INFO ] 2025-06-15 22:30:49.656 [main] Class - Product searched successfully: Jackets
[INFO ] 2025-06-15 22:47:32.397 [main] Class - Product searched: Jackets
[INFO ] 2025-06-15 22:47:32.402 [main] Class - Product searched successfully: Jackets
[INFO ] 2025-06-15 22:53:53.921 [main] Class - Product searched: Jacket
[INFO ] 2025-06-15 22:53:53.926 [main] Class - Product searched successfully: Jacket
[INFO ] 2025-06-15 23:00:05.880 [main] Class - Product searched: Jacket
[INFO ] 2025-06-15 23:00:05.886 [main] Class - Product searched successfully: Jacket
